

Microchip MPLAB XC8 Assembler V2.05 build -831301201 
                                                                                               Wed Jun 24 12:00:28 2020

Microchip MPLAB XC8 C Compiler v2.05 (Free license) build 20181220022703 Og1 
     1                           	processor	16F1827
     2                           	opt	pw 120
     3                           	opt	flic
     4                           	psect	cinit,global,class=CODE,merge=1,delta=2
     5                           	psect	cstackCOMMON,global,class=COMMON,space=1,delta=1
     6                           	psect	maintext,global,class=CODE,merge=1,split=1,delta=2
     7                           	psect	text1,local,class=CODE,merge=1,delta=2
     8                           	psect	text2,local,class=CODE,merge=1,delta=2
     9                           	psect	text3,local,class=CODE,merge=1,delta=2
    10                           	psect	text4,local,class=CODE,merge=1,delta=2
    11                           	psect	text5,local,class=CODE,merge=1,delta=2
    12                           	psect	intentry,global,class=CODE,delta=2
    13                           	dabs	1,0x7E,2
    14  0000                     
    15                           ; Version 2.05
    16                           ; Generated 20/12/2018 GMT
    17                           ; 
    18                           ; Copyright © 2018, Microchip Technology Inc. and its subsidiaries ("Microchip")
    19                           ; All rights reserved.
    20                           ; 
    21                           ; This software is developed by Microchip Technology Inc. and its subsidiaries ("Microch
      +                          ip").
    22                           ; 
    23                           ; Redistribution and use in source and binary forms, with or without modification, are
    24                           ; permitted provided that the following conditions are met:
    25                           ; 
    26                           ;     1. Redistributions of source code must retain the above copyright notice, this lis
      +                          t of
    27                           ;        conditions and the following disclaimer.
    28                           ; 
    29                           ;     2. Redistributions in binary form must reproduce the above copyright notice, this 
      +                          list
    30                           ;        of conditions and the following disclaimer in the documentation and/or other
    31                           ;        materials provided with the distribution.
    32                           ; 
    33                           ;     3. Microchip's name may not be used to endorse or promote products derived from th
      +                          is
    34                           ;        software without specific prior written permission.
    35                           ; 
    36                           ; THIS SOFTWARE IS PROVIDED BY MICROCHIP "AS IS" AND ANY EXPRESS OR IMPLIED WARRANTIES,
    37                           ; INCLUDING, BUT NOT LIMITED TO, THE IMPLIED WARRANTIES OF MERCHANTABILITY AND FITNESS F
      +                          OR
    38                           ; PURPOSE ARE DISCLAIMED.  IN NO EVENT SHALL MICROCHIP BE LIABLE FOR ANY DIRECT, INDIREC
      +                          T,
    39                           ; INCIDENTAL, SPECIAL, EXEMPLARY, OR CONSEQUENTIAL DAMAGES (INCLUDING BUT NOT LIMITED TO
    40                           ; PROCUREMENT OF SUBSTITUTE GOODS OR SERVICES; LOSS OF USE, DATA OR PROFITS; OR BUSINESS
    41                           ; INTERRUPTION) HOWSOEVER CAUSED AND ON ANY THEORY OF LIABILITY, WHETHER IN CONTRACT, ST
      +                          RICT
    42                           ; LIABILITY, OR TORT (INCLUDING NEGLIGENCE OR OTHERWISE) ARISING IN ANY WAY OUT OF THE U
      +                          SE OF
    43                           ; THIS SOFTWARE, EVEN IF ADVISED OF THE POSSIBILITY OF SUCH DAMAGE.
    44                           ; 
    45                           ; 
    46                           ; Code-generator required, PIC16F1827 Definitions
    47                           ; 
    48                           ; SFR Addresses
    49  0000                     	;# 
    50  0001                     	;# 
    51  0002                     	;# 
    52  0003                     	;# 
    53  0004                     	;# 
    54  0005                     	;# 
    55  0006                     	;# 
    56  0007                     	;# 
    57  0008                     	;# 
    58  0009                     	;# 
    59  000A                     	;# 
    60  000B                     	;# 
    61  000C                     	;# 
    62  000D                     	;# 
    63  0011                     	;# 
    64  0012                     	;# 
    65  0013                     	;# 
    66  0014                     	;# 
    67  0015                     	;# 
    68  0016                     	;# 
    69  0016                     	;# 
    70  0017                     	;# 
    71  0018                     	;# 
    72  0019                     	;# 
    73  001A                     	;# 
    74  001B                     	;# 
    75  001C                     	;# 
    76  001E                     	;# 
    77  001F                     	;# 
    78  008C                     	;# 
    79  008D                     	;# 
    80  0091                     	;# 
    81  0092                     	;# 
    82  0093                     	;# 
    83  0094                     	;# 
    84  0095                     	;# 
    85  0096                     	;# 
    86  0097                     	;# 
    87  0098                     	;# 
    88  0099                     	;# 
    89  009A                     	;# 
    90  009B                     	;# 
    91  009B                     	;# 
    92  009C                     	;# 
    93  009D                     	;# 
    94  009E                     	;# 
    95  010C                     	;# 
    96  010D                     	;# 
    97  0111                     	;# 
    98  0112                     	;# 
    99  0113                     	;# 
   100  0114                     	;# 
   101  0115                     	;# 
   102  0116                     	;# 
   103  0117                     	;# 
   104  0118                     	;# 
   105  0119                     	;# 
   106  011A                     	;# 
   107  011B                     	;# 
   108  011D                     	;# 
   109  011E                     	;# 
   110  018C                     	;# 
   111  018D                     	;# 
   112  0191                     	;# 
   113  0191                     	;# 
   114  0192                     	;# 
   115  0193                     	;# 
   116  0193                     	;# 
   117  0193                     	;# 
   118  0194                     	;# 
   119  0195                     	;# 
   120  0196                     	;# 
   121  0199                     	;# 
   122  019A                     	;# 
   123  019B                     	;# 
   124  019B                     	;# 
   125  019B                     	;# 
   126  019B                     	;# 
   127  019C                     	;# 
   128  019C                     	;# 
   129  019D                     	;# 
   130  019E                     	;# 
   131  019F                     	;# 
   132  020C                     	;# 
   133  020D                     	;# 
   134  0211                     	;# 
   135  0211                     	;# 
   136  0212                     	;# 
   137  0212                     	;# 
   138  0213                     	;# 
   139  0213                     	;# 
   140  0214                     	;# 
   141  0214                     	;# 
   142  0215                     	;# 
   143  0215                     	;# 
   144  0215                     	;# 
   145  0216                     	;# 
   146  0216                     	;# 
   147  0217                     	;# 
   148  0217                     	;# 
   149  0219                     	;# 
   150  021A                     	;# 
   151  021B                     	;# 
   152  021C                     	;# 
   153  021D                     	;# 
   154  021E                     	;# 
   155  021F                     	;# 
   156  0291                     	;# 
   157  0291                     	;# 
   158  0292                     	;# 
   159  0293                     	;# 
   160  0294                     	;# 
   161  0295                     	;# 
   162  0295                     	;# 
   163  0296                     	;# 
   164  0298                     	;# 
   165  0298                     	;# 
   166  0299                     	;# 
   167  029A                     	;# 
   168  029B                     	;# 
   169  029C                     	;# 
   170  029C                     	;# 
   171  029D                     	;# 
   172  029E                     	;# 
   173  029E                     	;# 
   174  0311                     	;# 
   175  0311                     	;# 
   176  0312                     	;# 
   177  0313                     	;# 
   178  0318                     	;# 
   179  0318                     	;# 
   180  0319                     	;# 
   181  031A                     	;# 
   182  0394                     	;# 
   183  0395                     	;# 
   184  0396                     	;# 
   185  039A                     	;# 
   186  039C                     	;# 
   187  039D                     	;# 
   188  039E                     	;# 
   189  039F                     	;# 
   190  0415                     	;# 
   191  0416                     	;# 
   192  0417                     	;# 
   193  041C                     	;# 
   194  041D                     	;# 
   195  041E                     	;# 
   196  0FE4                     	;# 
   197  0FE5                     	;# 
   198  0FE6                     	;# 
   199  0FE7                     	;# 
   200  0FE8                     	;# 
   201  0FE9                     	;# 
   202  0FEA                     	;# 
   203  0FEB                     	;# 
   204  0FED                     	;# 
   205  0FEE                     	;# 
   206  0FEF                     	;# 
   207  0000                     	;# 
   208  0001                     	;# 
   209  0002                     	;# 
   210  0003                     	;# 
   211  0004                     	;# 
   212  0005                     	;# 
   213  0006                     	;# 
   214  0007                     	;# 
   215  0008                     	;# 
   216  0009                     	;# 
   217  000A                     	;# 
   218  000B                     	;# 
   219  000C                     	;# 
   220  000D                     	;# 
   221  0011                     	;# 
   222  0012                     	;# 
   223  0013                     	;# 
   224  0014                     	;# 
   225  0015                     	;# 
   226  0016                     	;# 
   227  0016                     	;# 
   228  0017                     	;# 
   229  0018                     	;# 
   230  0019                     	;# 
   231  001A                     	;# 
   232  001B                     	;# 
   233  001C                     	;# 
   234  001E                     	;# 
   235  001F                     	;# 
   236  008C                     	;# 
   237  008D                     	;# 
   238  0091                     	;# 
   239  0092                     	;# 
   240  0093                     	;# 
   241  0094                     	;# 
   242  0095                     	;# 
   243  0096                     	;# 
   244  0097                     	;# 
   245  0098                     	;# 
   246  0099                     	;# 
   247  009A                     	;# 
   248  009B                     	;# 
   249  009B                     	;# 
   250  009C                     	;# 
   251  009D                     	;# 
   252  009E                     	;# 
   253  010C                     	;# 
   254  010D                     	;# 
   255  0111                     	;# 
   256  0112                     	;# 
   257  0113                     	;# 
   258  0114                     	;# 
   259  0115                     	;# 
   260  0116                     	;# 
   261  0117                     	;# 
   262  0118                     	;# 
   263  0119                     	;# 
   264  011A                     	;# 
   265  011B                     	;# 
   266  011D                     	;# 
   267  011E                     	;# 
   268  018C                     	;# 
   269  018D                     	;# 
   270  0191                     	;# 
   271  0191                     	;# 
   272  0192                     	;# 
   273  0193                     	;# 
   274  0193                     	;# 
   275  0193                     	;# 
   276  0194                     	;# 
   277  0195                     	;# 
   278  0196                     	;# 
   279  0199                     	;# 
   280  019A                     	;# 
   281  019B                     	;# 
   282  019B                     	;# 
   283  019B                     	;# 
   284  019B                     	;# 
   285  019C                     	;# 
   286  019C                     	;# 
   287  019D                     	;# 
   288  019E                     	;# 
   289  019F                     	;# 
   290  020C                     	;# 
   291  020D                     	;# 
   292  0211                     	;# 
   293  0211                     	;# 
   294  0212                     	;# 
   295  0212                     	;# 
   296  0213                     	;# 
   297  0213                     	;# 
   298  0214                     	;# 
   299  0214                     	;# 
   300  0215                     	;# 
   301  0215                     	;# 
   302  0215                     	;# 
   303  0216                     	;# 
   304  0216                     	;# 
   305  0217                     	;# 
   306  0217                     	;# 
   307  0219                     	;# 
   308  021A                     	;# 
   309  021B                     	;# 
   310  021C                     	;# 
   311  021D                     	;# 
   312  021E                     	;# 
   313  021F                     	;# 
   314  0291                     	;# 
   315  0291                     	;# 
   316  0292                     	;# 
   317  0293                     	;# 
   318  0294                     	;# 
   319  0295                     	;# 
   320  0295                     	;# 
   321  0296                     	;# 
   322  0298                     	;# 
   323  0298                     	;# 
   324  0299                     	;# 
   325  029A                     	;# 
   326  029B                     	;# 
   327  029C                     	;# 
   328  029C                     	;# 
   329  029D                     	;# 
   330  029E                     	;# 
   331  029E                     	;# 
   332  0311                     	;# 
   333  0311                     	;# 
   334  0312                     	;# 
   335  0313                     	;# 
   336  0318                     	;# 
   337  0318                     	;# 
   338  0319                     	;# 
   339  031A                     	;# 
   340  0394                     	;# 
   341  0395                     	;# 
   342  0396                     	;# 
   343  039A                     	;# 
   344  039C                     	;# 
   345  039D                     	;# 
   346  039E                     	;# 
   347  039F                     	;# 
   348  0415                     	;# 
   349  0416                     	;# 
   350  0417                     	;# 
   351  041C                     	;# 
   352  041D                     	;# 
   353  041E                     	;# 
   354  0FE4                     	;# 
   355  0FE5                     	;# 
   356  0FE6                     	;# 
   357  0FE7                     	;# 
   358  0FE8                     	;# 
   359  0FE9                     	;# 
   360  0FEA                     	;# 
   361  0FEB                     	;# 
   362  0FED                     	;# 
   363  0FEE                     	;# 
   364  0FEF                     	;# 
   365  0011                     _PIR1bits	set	17
   366  0016                     _TMR1L	set	22
   367  0017                     _TMR1H	set	23
   368  0018                     _T1CONbits	set	24
   369  000C                     _PORTA	set	12
   370  000D                     _PORTB	set	13
   371  000B                     _INTCONbits	set	11
   372  0091                     _PIE1bits	set	145
   373  0095                     _OPTION_REGbits	set	149
   374  008C                     _TRISA	set	140
   375  008D                     _TRISB	set	141
   376  0099                     _OSCCONbits	set	153
   377  011D                     _APFCON0bits	set	285
   378  0869                     _LATB1	set	2153
   379  0868                     _LATB0	set	2152
   380  018C                     _ANSELA	set	396
   381  018D                     _ANSELB	set	397
   382  0291                     _CCPR1L	set	657
   383  0292                     _CCPR1H	set	658
   384  0293                     _CCP1CONbits	set	659
   385                           
   386                           ; #config settings
   387  0000                     
   388                           	psect	cinit
   389  0018                     start_initialization:	
   390  0018                     __initialization:	
   391  0018                     end_of_initialization:	
   392                           ;End of C runtime variable initialization code
   393                           
   394  0018                     __end_of__initialization:	
   395  0018  107E               	bcf	int$flags,0	;clear compiler interrupt flag (level 1)
   396  0019  0020               	movlb	0
   397  001A  3180  281C         	ljmp	_main	;jump to C main() function
   398                           
   399                           	psect	cstackCOMMON
   400  0000                     __pcstackCOMMON:	
   401  0000                     ?_initOsc:	
   402  0000                     ??_initOsc:	
   403                           ; 1 bytes @ 0x0
   404                           
   405  0000                     ?_initPort:	
   406                           ; 1 bytes @ 0x0
   407                           
   408  0000                     ??_initPort:	
   409                           ; 1 bytes @ 0x0
   410                           
   411  0000                     ?_initIntTMR0:	
   412                           ; 1 bytes @ 0x0
   413                           
   414  0000                     ??_initIntTMR0:	
   415                           ; 1 bytes @ 0x0
   416                           
   417  0000                     ?_initIntTMR1:	
   418                           ; 1 bytes @ 0x0
   419                           
   420  0000                     ??_initIntTMR1:	
   421                           ; 1 bytes @ 0x0
   422                           
   423  0000                     ?_initIntCCP1:	
   424                           ; 1 bytes @ 0x0
   425                           
   426  0000                     ??_initIntCCP1:	
   427                           ; 1 bytes @ 0x0
   428                           
   429  0000                     ?_main:	
   430                           ; 1 bytes @ 0x0
   431                           
   432  0000                     ??_main:	
   433                           ; 1 bytes @ 0x0
   434                           
   435  0000                     ?_ISR:	
   436                           ; 1 bytes @ 0x0
   437                           
   438  0000                     ??_ISR:	
   439                           ; 1 bytes @ 0x0
   440                           
   441                           
   442                           	psect	maintext
   443  001C                     __pmaintext:	
   444                           ; 1 bytes @ 0x0
   445 ;;
   446 ;;Main: autosize = 0, tempsize = 0, incstack = 0, save=0
   447 ;;
   448 ;; *************** function _main *****************
   449 ;; Defined at:
   450 ;;		line 24 in file "src/main.c"
   451 ;; Parameters:    Size  Location     Type
   452 ;;		None
   453 ;; Auto vars:     Size  Location     Type
   454 ;;		None
   455 ;; Return value:  Size  Location     Type
   456 ;;                  1    wreg      void 
   457 ;; Registers used:
   458 ;;		wreg, status,2, status,0, pclath, cstack
   459 ;; Tracked objects:
   460 ;;		On entry : B1F/0
   461 ;;		On exit  : 0/0
   462 ;;		Unchanged: 0/0
   463 ;; Data sizes:     COMMON   BANK0   BANK1   BANK2   BANK3   BANK4
   464 ;;      Params:         0       0       0       0       0       0
   465 ;;      Locals:         0       0       0       0       0       0
   466 ;;      Temps:          0       0       0       0       0       0
   467 ;;      Totals:         0       0       0       0       0       0
   468 ;;Total ram usage:        0 bytes
   469 ;; Hardware stack levels required when called:    2
   470 ;; This function calls:
   471 ;;		_initIntCCP1
   472 ;;		_initIntTMR0
   473 ;;		_initIntTMR1
   474 ;;		_initOsc
   475 ;;		_initPort
   476 ;; This function is called by:
   477 ;;		Startup code after reset
   478 ;; This function uses a non-reentrant model
   479 ;;
   480                           
   481                           
   482                           ;psect for function _main
   483  001C                     _main:	
   484                           
   485                           ;src/main.c: 26: void initOsc(void) {
   486                           
   487                           ;incstack = 0
   488                           ; Regs used in _main: [wreg+status,2+status,0+pclath+cstack]
   489  001C  3180  205C  3180   	fcall	_initOsc
   490                           
   491                           ;src/main.c: 27: 
   492  001F  3180  202D  3180   	fcall	_initPort
   493                           
   494                           ;src/main.c: 28:     OSCCONbits.SCS = 0x00;
   495  0022  3180  2055  3180   	fcall	_initIntTMR0
   496                           
   497                           ;src/main.c: 29: 
   498  0025  3180  204A  3180   	fcall	_initIntTMR1
   499                           
   500                           ;src/main.c: 30: }
   501  0028  3180  203C  3180   	fcall	_initIntCCP1
   502                           
   503                           ;src/main.c: 33: 
   504  002B  178B               	bsf	11,7	;volatile
   505  002C                     l55:	
   506                           ;src/main.c: 35:     PORTA = 0xFF;
   507                           
   508                           
   509                           ;src/main.c: 37: 
   510  002C  282C               	goto	l55
   511  002D                     __end_of_main:	
   512                           
   513                           	psect	text1
   514  002D                     __ptext1:	
   515 ;; *************** function _initPort *****************
   516 ;; Defined at:
   517 ;;		line 47 in file "src/main.c"
   518 ;; Parameters:    Size  Location     Type
   519 ;;		None
   520 ;; Auto vars:     Size  Location     Type
   521 ;;		None
   522 ;; Return value:  Size  Location     Type
   523 ;;                  1    wreg      void 
   524 ;; Registers used:
   525 ;;		wreg, status,2
   526 ;; Tracked objects:
   527 ;;		On entry : 0/0
   528 ;;		On exit  : 0/0
   529 ;;		Unchanged: 0/0
   530 ;; Data sizes:     COMMON   BANK0   BANK1   BANK2   BANK3   BANK4
   531 ;;      Params:         0       0       0       0       0       0
   532 ;;      Locals:         0       0       0       0       0       0
   533 ;;      Temps:          0       0       0       0       0       0
   534 ;;      Totals:         0       0       0       0       0       0
   535 ;;Total ram usage:        0 bytes
   536 ;; Hardware stack levels used:    1
   537 ;; Hardware stack levels required when called:    1
   538 ;; This function calls:
   539 ;;		Nothing
   540 ;; This function is called by:
   541 ;;		_main
   542 ;; This function uses a non-reentrant model
   543 ;;
   544                           
   545                           
   546                           ;psect for function _initPort
   547  002D                     _initPort:	
   548                           
   549                           ;src/main.c: 49: 
   550                           
   551                           ;incstack = 0
   552                           ; Regs used in _initPort: [wreg+status,2]
   553  002D  30FF               	movlw	255
   554  002E  0020               	movlb	0	; select bank0
   555  002F  008D               	movwf	13	;volatile
   556                           
   557                           ;src/main.c: 50: }
   558  0030  30FF               	movlw	255
   559  0031  008C               	movwf	12	;volatile
   560                           
   561                           ;src/main.c: 54: 
   562  0032  0021               	movlb	1	; select bank1
   563  0033  018D               	clrf	13	;volatile
   564                           
   565                           ;src/main.c: 55:     OPTION_REGbits.TMR0CS = 0;
   566  0034  3021               	movlw	33
   567  0035  008C               	movwf	12	;volatile
   568                           
   569                           ;src/main.c: 58:     OPTION_REGbits.PSA = 0;
   570  0036  0023               	movlb	3	; select bank3
   571  0037  018D               	clrf	13	;volatile
   572                           
   573                           ;src/main.c: 59: 
   574  0038  018C               	clrf	12	;volatile
   575                           
   576                           ;src/main.c: 63:     INTCONbits.TMR0IE = 1;
   577  0039  0022               	movlb	2	; select bank2
   578  003A  101D               	bcf	29,0	;volatile
   579  003B  0008               	return
   580  003C                     __end_of_initPort:	
   581                           
   582                           	psect	text2
   583  005C                     __ptext2:	
   584 ;; *************** function _initOsc *****************
   585 ;; Defined at:
   586 ;;		line 41 in file "src/main.c"
   587 ;; Parameters:    Size  Location     Type
   588 ;;		None
   589 ;; Auto vars:     Size  Location     Type
   590 ;;		None
   591 ;; Return value:  Size  Location     Type
   592 ;;                  1    wreg      void 
   593 ;; Registers used:
   594 ;;		wreg, status,2, status,0
   595 ;; Tracked objects:
   596 ;;		On entry : 0/0
   597 ;;		On exit  : 0/0
   598 ;;		Unchanged: 0/0
   599 ;; Data sizes:     COMMON   BANK0   BANK1   BANK2   BANK3   BANK4
   600 ;;      Params:         0       0       0       0       0       0
   601 ;;      Locals:         0       0       0       0       0       0
   602 ;;      Temps:          0       0       0       0       0       0
   603 ;;      Totals:         0       0       0       0       0       0
   604 ;;Total ram usage:        0 bytes
   605 ;; Hardware stack levels used:    1
   606 ;; Hardware stack levels required when called:    1
   607 ;; This function calls:
   608 ;;		Nothing
   609 ;; This function is called by:
   610 ;;		_main
   611 ;; This function uses a non-reentrant model
   612 ;;
   613                           
   614                           
   615                           ;psect for function _initOsc
   616  005C                     _initOsc:	
   617                           
   618                           ;src/main.c: 43:     ANSELB = 0x00;
   619                           
   620                           ;incstack = 0
   621                           ; Regs used in _initOsc: [wreg+status,2+status,0]
   622  005C  30FC               	movlw	-4
   623  005D  0021               	movlb	1	; select bank1
   624  005E  0599               	andwf	25,f	;volatile
   625  005F  0008               	return
   626  0060                     __end_of_initOsc:	
   627                           
   628                           	psect	text3
   629  004A                     __ptext3:	
   630 ;; *************** function _initIntTMR1 *****************
   631 ;; Defined at:
   632 ;;		line 85 in file "src/main.c"
   633 ;; Parameters:    Size  Location     Type
   634 ;;		None
   635 ;; Auto vars:     Size  Location     Type
   636 ;;		None
   637 ;; Return value:  Size  Location     Type
   638 ;;                  1    wreg      void 
   639 ;; Registers used:
   640 ;;		wreg, status,2, status,0
   641 ;; Tracked objects:
   642 ;;		On entry : 0/0
   643 ;;		On exit  : 0/0
   644 ;;		Unchanged: 0/0
   645 ;; Data sizes:     COMMON   BANK0   BANK1   BANK2   BANK3   BANK4
   646 ;;      Params:         0       0       0       0       0       0
   647 ;;      Locals:         0       0       0       0       0       0
   648 ;;      Temps:          0       0       0       0       0       0
   649 ;;      Totals:         0       0       0       0       0       0
   650 ;;Total ram usage:        0 bytes
   651 ;; Hardware stack levels used:    1
   652 ;; Hardware stack levels required when called:    1
   653 ;; This function calls:
   654 ;;		Nothing
   655 ;; This function is called by:
   656 ;;		_main
   657 ;; This function uses a non-reentrant model
   658 ;;
   659                           
   660                           
   661                           ;psect for function _initIntTMR1
   662  004A                     _initIntTMR1:	
   663                           
   664                           ;src/main.c: 100:     T1CONbits.TMR1CS = 0b01;
   665                           
   666                           ;incstack = 0
   667                           ; Regs used in _initIntTMR1: [wreg+status,2+status,0]
   668  004A  0020               	movlb	0	; select bank0
   669  004B  0818               	movf	24,w	;volatile
   670  004C  393F               	andlw	-193
   671  004D  3840               	iorlw	64
   672  004E  0098               	movwf	24	;volatile
   673                           
   674                           ;src/main.c: 103:     T1CONbits.T1CKPS = 0b11;
   675  004F  3030               	movlw	48
   676  0050  0498               	iorwf	24,f	;volatile
   677                           
   678                           ;src/main.c: 106:     TMR1H = 0x00;
   679  0051  0197               	clrf	23	;volatile
   680                           
   681                           ;src/main.c: 107:     TMR1L = 0x00;
   682  0052  0196               	clrf	22	;volatile
   683                           
   684                           ;src/main.c: 110:     T1CONbits.TMR1ON = 1;
   685  0053  1418               	bsf	24,0	;volatile
   686  0054  0008               	return
   687  0055                     __end_of_initIntTMR1:	
   688                           
   689                           	psect	text4
   690  0055                     __ptext4:	
   691 ;; *************** function _initIntTMR0 *****************
   692 ;; Defined at:
   693 ;;		line 67 in file "src/main.c"
   694 ;; Parameters:    Size  Location     Type
   695 ;;		None
   696 ;; Auto vars:     Size  Location     Type
   697 ;;		None
   698 ;; Return value:  Size  Location     Type
   699 ;;                  1    wreg      void 
   700 ;; Registers used:
   701 ;;		wreg, status,2, status,0
   702 ;; Tracked objects:
   703 ;;		On entry : 0/0
   704 ;;		On exit  : 0/0
   705 ;;		Unchanged: 0/0
   706 ;; Data sizes:     COMMON   BANK0   BANK1   BANK2   BANK3   BANK4
   707 ;;      Params:         0       0       0       0       0       0
   708 ;;      Locals:         0       0       0       0       0       0
   709 ;;      Temps:          0       0       0       0       0       0
   710 ;;      Totals:         0       0       0       0       0       0
   711 ;;Total ram usage:        0 bytes
   712 ;; Hardware stack levels used:    1
   713 ;; Hardware stack levels required when called:    1
   714 ;; This function calls:
   715 ;;		Nothing
   716 ;; This function is called by:
   717 ;;		_main
   718 ;; This function uses a non-reentrant model
   719 ;;
   720                           
   721                           
   722                           ;psect for function _initIntTMR0
   723  0055                     _initIntTMR0:	
   724                           
   725                           ;src/main.c: 70: void initIntTMR1(void) {
   726                           
   727                           ;incstack = 0
   728                           ; Regs used in _initIntTMR0: [wreg+status,2+status,0]
   729  0055  0021               	movlb	1	; select bank1
   730  0056  1295               	bcf	21,5	;volatile
   731  0057  1195               	bcf	21,3	;volatile
   732  0058  3007               	movlw	7
   733  0059  0495               	iorwf	21,f	;volatile
   734  005A  168B               	bsf	11,5	;volatile
   735  005B  0008               	return
   736  005C                     __end_of_initIntTMR0:	
   737                           
   738                           	psect	text5
   739  003C                     __ptext5:	
   740 ;; *************** function _initIntCCP1 *****************
   741 ;; Defined at:
   742 ;;		line 130 in file "src/main.c"
   743 ;; Parameters:    Size  Location     Type
   744 ;;		None
   745 ;; Auto vars:     Size  Location     Type
   746 ;;		None
   747 ;; Return value:  Size  Location     Type
   748 ;;                  1    wreg      void 
   749 ;; Registers used:
   750 ;;		wreg, status,2, status,0
   751 ;; Tracked objects:
   752 ;;		On entry : 0/0
   753 ;;		On exit  : 0/0
   754 ;;		Unchanged: 0/0
   755 ;; Data sizes:     COMMON   BANK0   BANK1   BANK2   BANK3   BANK4
   756 ;;      Params:         0       0       0       0       0       0
   757 ;;      Locals:         0       0       0       0       0       0
   758 ;;      Temps:          0       0       0       0       0       0
   759 ;;      Totals:         0       0       0       0       0       0
   760 ;;Total ram usage:        0 bytes
   761 ;; Hardware stack levels used:    1
   762 ;; Hardware stack levels required when called:    1
   763 ;; This function calls:
   764 ;;		Nothing
   765 ;; This function is called by:
   766 ;;		_main
   767 ;; This function uses a non-reentrant model
   768 ;;
   769                           
   770                           
   771                           ;psect for function _initIntCCP1
   772  003C                     _initIntCCP1:	
   773                           
   774                           ;src/main.c: 133:     CCP1CONbits.CCP1M = 0b1011;
   775                           
   776                           ;incstack = 0
   777                           ; Regs used in _initIntCCP1: [wreg+status,2+status,0]
   778  003C  0025               	movlb	5	; select bank5
   779  003D  0813               	movf	19,w	;volatile
   780  003E  39F0               	andlw	-16
   781  003F  380B               	iorlw	11
   782  0040  0093               	movwf	19	;volatile
   783                           
   784                           ;src/main.c: 136:     CCPR1H = 0xF4;
   785  0041  30F4               	movlw	244
   786  0042  0092               	movwf	18	;volatile
   787                           
   788                           ;src/main.c: 137:     CCPR1L = 0x24;
   789  0043  3024               	movlw	36
   790  0044  0091               	movwf	17	;volatile
   791                           
   792                           ;src/main.c: 140:     PIR1bits.CCP1IF = 0;
   793  0045  0020               	movlb	0	; select bank0
   794  0046  1111               	bcf	17,2	;volatile
   795                           
   796                           ;src/main.c: 143:     PIE1bits.CCP1IE = 1;
   797  0047  0021               	movlb	1	; select bank1
   798  0048  1511               	bsf	17,2	;volatile
   799  0049  0008               	return
   800  004A                     __end_of_initIntCCP1:	
   801                           
   802                           	psect	intentry
   803  0004                     __pintentry:	
   804 ;; *************** function _ISR *****************
   805 ;; Defined at:
   806 ;;		line 147 in file "src/main.c"
   807 ;; Parameters:    Size  Location     Type
   808 ;;		None
   809 ;; Auto vars:     Size  Location     Type
   810 ;;		None
   811 ;; Return value:  Size  Location     Type
   812 ;;                  1    wreg      void 
   813 ;; Registers used:
   814 ;;		wreg
   815 ;; Tracked objects:
   816 ;;		On entry : 0/0
   817 ;;		On exit  : 0/0
   818 ;;		Unchanged: 0/0
   819 ;; Data sizes:     COMMON   BANK0   BANK1   BANK2   BANK3   BANK4
   820 ;;      Params:         0       0       0       0       0       0
   821 ;;      Locals:         0       0       0       0       0       0
   822 ;;      Temps:          0       0       0       0       0       0
   823 ;;      Totals:         0       0       0       0       0       0
   824 ;;Total ram usage:        0 bytes
   825 ;; Hardware stack levels used:    1
   826 ;; This function calls:
   827 ;;		Nothing
   828 ;; This function is called by:
   829 ;;		Interrupt level 1
   830 ;; This function uses a non-reentrant model
   831 ;;
   832                           
   833  0004                     _ISR:	
   834                           
   835                           ;incstack = 0
   836  0004  147E               	bsf	126,0	;set compiler interrupt flag (level 1)
   837                           
   838                           ; Regs used in _ISR: [wreg]
   839  0005  3180               	pagesel	$
   840                           
   841                           ;src/main.c: 149:     if (INTCONbits.TMR0IF == 1) {
   842  0006  1D0B               	btfss	11,2	;volatile
   843  0007  280C               	goto	i1l732
   844                           
   845                           ;src/main.c: 150:         LATB0 ^= 1;
   846  0008  0022               	movlb	2	; select bank2
   847  0009  3001               	movlw	1
   848  000A  068D               	xorwf	13,f
   849                           
   850                           ;src/main.c: 151:         INTCONbits.TMR0IF = 0;
   851  000B  110B               	bcf	11,2	;volatile
   852  000C                     i1l732:	
   853                           
   854                           ;src/main.c: 155:     if (PIR1bits.CCP1IF == 1) {
   855  000C  0020               	movlb	0	; select bank0
   856  000D  1D11               	btfss	17,2	;volatile
   857  000E  2814               	goto	i1l80
   858                           
   859                           ;src/main.c: 156:         LATB1 ^= 1;
   860  000F  0022               	movlb	2	; select bank2
   861  0010  3002               	movlw	2
   862  0011  068D               	xorwf	13,f
   863                           
   864                           ;src/main.c: 157:         PIR1bits.CCP1IF = 0;
   865  0012  0020               	movlb	0	; select bank0
   866  0013  1111               	bcf	17,2	;volatile
   867  0014                     i1l80:	
   868  0014  107E               	bcf	126,0	;clear compiler interrupt flag (level 1)
   869  0015  0009               	retfie
   870  0016                     __end_of_ISR:	
   871  007E                     btemp	set	126	;btemp
   872  007E                     int$flags	set	126
   873  007E                     wtemp0	set	126


Data Sizes:
    Strings     0
    Constant    0
    Data        0
    BSS         0
    Persistent  32
    Stack       0

Auto Spaces:
    Space          Size  Autos    Used
    COMMON           14      0       0
    BANK0            80      0       0
    BANK1            80      0       0
    BANK2            80      0       0
    BANK3            80      0       0
    BANK4            48      0       0

Pointer List with Targets:

    None.

Critical Paths under _main in COMMON

    None.

Critical Paths under _ISR in COMMON

    None.

Critical Paths under _main in BANK0

    None.

Critical Paths under _ISR in BANK0

    None.

Critical Paths under _main in BANK1

    None.

Critical Paths under _ISR in BANK1

    None.

Critical Paths under _main in BANK2

    None.

Critical Paths under _ISR in BANK2

    None.

Critical Paths under _main in BANK3

    None.

Critical Paths under _ISR in BANK3

    None.

Critical Paths under _main in BANK4

    None.

Critical Paths under _ISR in BANK4

    None.

Call Graph Tables:

 ---------------------------------------------------------------------------------
 (Depth) Function   	        Calls       Base Space   Used Autos Params    Refs
 ---------------------------------------------------------------------------------
 (0) _main                                                 0     0      0       0
                        _initIntCCP1
                        _initIntTMR0
                        _initIntTMR1
                            _initOsc
                           _initPort
 ---------------------------------------------------------------------------------
 (1) _initPort                                             0     0      0       0
 ---------------------------------------------------------------------------------
 (1) _initOsc                                              0     0      0       0
 ---------------------------------------------------------------------------------
 (1) _initIntTMR1                                          0     0      0       0
 ---------------------------------------------------------------------------------
 (1) _initIntTMR0                                          0     0      0       0
 ---------------------------------------------------------------------------------
 (1) _initIntCCP1                                          0     0      0       0
 ---------------------------------------------------------------------------------
 Estimated maximum stack depth 1
 ---------------------------------------------------------------------------------
 (Depth) Function   	        Calls       Base Space   Used Autos Params    Refs
 ---------------------------------------------------------------------------------
 (2) _ISR                                                  0     0      0       0
 ---------------------------------------------------------------------------------
 Estimated maximum stack depth 2
 ---------------------------------------------------------------------------------

 Call Graph Graphs:

 _main (ROOT)
   _initIntCCP1
   _initIntTMR0
   _initIntTMR1
   _initOsc
   _initPort

 _ISR (ROOT)

 Address spaces:
Name               Size   Autos  Total    Cost      Usage
BIGRAM             170      0       0       0        0.0%
EEDATA             100      0       0       0        0.0%
NULL                 0      0       0       0        0.0%
CODE                 0      0       0       0        0.0%
BITCOMMON            E      0       0       1        0.0%
BITSFR0              0      0       0       1        0.0%
SFR0                 0      0       0       1        0.0%
COMMON               E      0       0       2        0.0%
BITSFR1              0      0       0       2        0.0%
SFR1                 0      0       0       2        0.0%
BITSFR2              0      0       0       3        0.0%
SFR2                 0      0       0       3        0.0%
STACK                0      0       0       3        0.0%
BITSFR3              0      0       0       4        0.0%
SFR3                 0      0       0       4        0.0%
ABS                  0      0       0       4        0.0%
BITBANK0            50      0       0       5        0.0%
BITSFR4              0      0       0       5        0.0%
SFR4                 0      0       0       5        0.0%
BANK0               50      0       0       6        0.0%
BITSFR5              0      0       0       6        0.0%
SFR5                 0      0       0       6        0.0%
BITBANK1            50      0       0       7        0.0%
BITSFR6              0      0       0       7        0.0%
SFR6                 0      0       0       7        0.0%
BANK1               50      0       0       8        0.0%
BITSFR7              0      0       0       8        0.0%
SFR7                 0      0       0       8        0.0%
BITBANK2            50      0       0       9        0.0%
BITSFR8              0      0       0       9        0.0%
SFR8                 0      0       0       9        0.0%
BANK2               50      0       0      10        0.0%
BITSFR9              0      0       0      10        0.0%
SFR9                 0      0       0      10        0.0%
BITBANK3            50      0       0      11        0.0%
BITSFR10             0      0       0      11        0.0%
SFR10                0      0       0      11        0.0%
BANK3               50      0       0      12        0.0%
BITSFR11             0      0       0      12        0.0%
SFR11                0      0       0      12        0.0%
BITBANK4            30      0       0      13        0.0%
BITSFR12             0      0       0      13        0.0%
SFR12                0      0       0      13        0.0%
BANK4               30      0       0      14        0.0%
BITSFR13             0      0       0      14        0.0%
SFR13                0      0       0      14        0.0%
BITSFR14             0      0       0      15        0.0%
SFR14                0      0       0      15        0.0%
DATA                 0      0       0      15        0.0%
BITSFR15             0      0       0      16        0.0%
SFR15                0      0       0      16        0.0%
BITSFR16             0      0       0      17        0.0%
SFR16                0      0       0      17        0.0%
BITSFR17             0      0       0      18        0.0%
SFR17                0      0       0      18        0.0%
BITSFR18             0      0       0      19        0.0%
SFR18                0      0       0      19        0.0%
BITSFR19             0      0       0      20        0.0%
SFR19                0      0       0      20        0.0%
BITSFR20             0      0       0      21        0.0%
SFR20                0      0       0      21        0.0%
BITSFR21             0      0       0      22        0.0%
SFR21                0      0       0      22        0.0%
BITSFR22             0      0       0      23        0.0%
SFR22                0      0       0      23        0.0%
BITSFR23             0      0       0      24        0.0%
SFR23                0      0       0      24        0.0%
BITSFR24             0      0       0      25        0.0%
SFR24                0      0       0      25        0.0%
BITSFR25             0      0       0      26        0.0%
SFR25                0      0       0      26        0.0%
BITSFR26             0      0       0      27        0.0%
SFR26                0      0       0      27        0.0%
BITSFR27             0      0       0      28        0.0%
SFR27                0      0       0      28        0.0%
BITSFR28             0      0       0      29        0.0%
SFR28                0      0       0      29        0.0%
BITSFR29             0      0       0      30        0.0%
SFR29                0      0       0      30        0.0%
BITSFR30             0      0       0      31        0.0%
SFR30                0      0       0      31        0.0%
BITSFR31             0      0       0      32        0.0%
SFR31                0      0       0      32        0.0%


Microchip Technology PIC Macro Assembler V2.05 build -831301201 
Symbol Table                                                                                   Wed Jun 24 12:00:28 2020

            __CFG_CP$OFF 0000                       l55 002C             __CFG_CPD$OFF 0000  
                    _ISR 0004             __CFG_LVP$OFF 0000                     ?_ISR 0000  
                   i1l80 0014                     _main 001C                     btemp 007E  
          __CFG_BOREN$ON 0000                     start 0016             ?_initIntCCP1 0000  
          __CFG_MCLRE$ON 0000             ?_initIntTMR0 0000             ?_initIntTMR1 0000  
                  ??_ISR 0000                    ?_main 0000            __CFG_WDTE$OFF 0000  
                  _LATB0 0868                    _LATB1 0869                    i1l732 000C  
                  _TMR1H 0017                    _TMR1L 0016                    _PORTA 000C  
                  _PORTB 000D                    _TRISA 008C                    _TRISB 008D  
          __CFG_PWRTE$ON 0000          __end_of_initOsc 0060                    wtemp0 007E  
        __initialization 0018             __end_of_main 002D                   ??_main 0000  
                 _CCPR1H 0292                   _CCPR1L 0291                   _ANSELA 018C  
                 _ANSELB 018D         __end_of_initPort 003C                ??_initOsc 0000  
__end_of__initialization 0018           __pcstackCOMMON 0000     __size_of_initIntCCP1 000E  
   __size_of_initIntTMR0 0007     __size_of_initIntTMR1 000B           _OPTION_REGbits 0095  
             __pmaintext 001C               __pintentry 0004                ?_initPort 0000  
                __ptext1 002D                  __ptext2 005C                  __ptext3 004A  
                __ptext4 0055                  __ptext5 003C             __size_of_ISR 0012  
              _T1CONbits 0018                  _initOsc 005C     end_of_initialization 0018  
             ??_initPort 0000         __CFG_FOSC$INTOSC 0000              _CCP1CONbits 0293  
    start_initialization 0018              __end_of_ISR 0016            ??_initIntCCP1 0000  
            _APFCON0bits 011D            ??_initIntTMR0 0000            ??_initIntTMR1 0000  
              ___latbits 0001        __size_of_initPort 000F      __end_of_initIntCCP1 004A  
    __end_of_initIntTMR0 005C      __end_of_initIntTMR1 0055                 ?_initOsc 0000  
               _PIE1bits 0091                 _PIR1bits 0011              _initIntCCP1 003C  
            _initIntTMR0 0055              _initIntTMR1 004A         __size_of_initOsc 0004  
               _initPort 002D            __size_of_main 0011                 int$flags 007E  
             _INTCONbits 000B                 intlevel1 0000               _OSCCONbits 0099  
