

Microchip MPLAB XC8 Assembler V2.05 build -831301201 
                                                                                               Tue Jun 23 17:17:34 2020

Microchip MPLAB XC8 C Compiler v2.05 (Free license) build 20181220022703 Og1 
     1                           	processor	16F1827
     2                           	opt	pw 120
     3                           	opt	flic
     4                           	psect	cinit,global,class=CODE,merge=1,delta=2
     5                           	psect	cstackCOMMON,global,class=COMMON,space=1,delta=1
     6                           	psect	maintext,global,class=CODE,merge=1,split=1,delta=2
     7                           	psect	text1,local,class=CODE,merge=1,delta=2
     8                           	psect	text2,local,class=CODE,merge=1,delta=2
     9                           	psect	text3,local,class=CODE,merge=1,delta=2
    10                           	psect	intentry,global,class=CODE,delta=2
    11                           	dabs	1,0x7E,2
    12  0000                     
    13                           ; Version 2.05
    14                           ; Generated 20/12/2018 GMT
    15                           ; 
    16                           ; Copyright © 2018, Microchip Technology Inc. and its subsidiaries ("Microchip")
    17                           ; All rights reserved.
    18                           ; 
    19                           ; This software is developed by Microchip Technology Inc. and its subsidiaries ("Microch
      +                          ip").
    20                           ; 
    21                           ; Redistribution and use in source and binary forms, with or without modification, are
    22                           ; permitted provided that the following conditions are met:
    23                           ; 
    24                           ;     1. Redistributions of source code must retain the above copyright notice, this lis
      +                          t of
    25                           ;        conditions and the following disclaimer.
    26                           ; 
    27                           ;     2. Redistributions in binary form must reproduce the above copyright notice, this 
      +                          list
    28                           ;        of conditions and the following disclaimer in the documentation and/or other
    29                           ;        materials provided with the distribution.
    30                           ; 
    31                           ;     3. Microchip's name may not be used to endorse or promote products derived from th
      +                          is
    32                           ;        software without specific prior written permission.
    33                           ; 
    34                           ; THIS SOFTWARE IS PROVIDED BY MICROCHIP "AS IS" AND ANY EXPRESS OR IMPLIED WARRANTIES,
    35                           ; INCLUDING, BUT NOT LIMITED TO, THE IMPLIED WARRANTIES OF MERCHANTABILITY AND FITNESS F
      +                          OR
    36                           ; PURPOSE ARE DISCLAIMED.  IN NO EVENT SHALL MICROCHIP BE LIABLE FOR ANY DIRECT, INDIREC
      +                          T,
    37                           ; INCIDENTAL, SPECIAL, EXEMPLARY, OR CONSEQUENTIAL DAMAGES (INCLUDING BUT NOT LIMITED TO
    38                           ; PROCUREMENT OF SUBSTITUTE GOODS OR SERVICES; LOSS OF USE, DATA OR PROFITS; OR BUSINESS
    39                           ; INTERRUPTION) HOWSOEVER CAUSED AND ON ANY THEORY OF LIABILITY, WHETHER IN CONTRACT, ST
      +                          RICT
    40                           ; LIABILITY, OR TORT (INCLUDING NEGLIGENCE OR OTHERWISE) ARISING IN ANY WAY OUT OF THE U
      +                          SE OF
    41                           ; THIS SOFTWARE, EVEN IF ADVISED OF THE POSSIBILITY OF SUCH DAMAGE.
    42                           ; 
    43                           ; 
    44                           ; Code-generator required, PIC16F1827 Definitions
    45                           ; 
    46                           ; SFR Addresses
    47  0000                     	;# 
    48  0001                     	;# 
    49  0002                     	;# 
    50  0003                     	;# 
    51  0004                     	;# 
    52  0005                     	;# 
    53  0006                     	;# 
    54  0007                     	;# 
    55  0008                     	;# 
    56  0009                     	;# 
    57  000A                     	;# 
    58  000B                     	;# 
    59  000C                     	;# 
    60  000D                     	;# 
    61  0011                     	;# 
    62  0012                     	;# 
    63  0013                     	;# 
    64  0014                     	;# 
    65  0015                     	;# 
    66  0016                     	;# 
    67  0016                     	;# 
    68  0017                     	;# 
    69  0018                     	;# 
    70  0019                     	;# 
    71  001A                     	;# 
    72  001B                     	;# 
    73  001C                     	;# 
    74  001E                     	;# 
    75  001F                     	;# 
    76  008C                     	;# 
    77  008D                     	;# 
    78  0091                     	;# 
    79  0092                     	;# 
    80  0093                     	;# 
    81  0094                     	;# 
    82  0095                     	;# 
    83  0096                     	;# 
    84  0097                     	;# 
    85  0098                     	;# 
    86  0099                     	;# 
    87  009A                     	;# 
    88  009B                     	;# 
    89  009B                     	;# 
    90  009C                     	;# 
    91  009D                     	;# 
    92  009E                     	;# 
    93  010C                     	;# 
    94  010D                     	;# 
    95  0111                     	;# 
    96  0112                     	;# 
    97  0113                     	;# 
    98  0114                     	;# 
    99  0115                     	;# 
   100  0116                     	;# 
   101  0117                     	;# 
   102  0118                     	;# 
   103  0119                     	;# 
   104  011A                     	;# 
   105  011B                     	;# 
   106  011D                     	;# 
   107  011E                     	;# 
   108  018C                     	;# 
   109  018D                     	;# 
   110  0191                     	;# 
   111  0191                     	;# 
   112  0192                     	;# 
   113  0193                     	;# 
   114  0193                     	;# 
   115  0193                     	;# 
   116  0194                     	;# 
   117  0195                     	;# 
   118  0196                     	;# 
   119  0199                     	;# 
   120  019A                     	;# 
   121  019B                     	;# 
   122  019B                     	;# 
   123  019B                     	;# 
   124  019B                     	;# 
   125  019C                     	;# 
   126  019C                     	;# 
   127  019D                     	;# 
   128  019E                     	;# 
   129  019F                     	;# 
   130  020C                     	;# 
   131  020D                     	;# 
   132  0211                     	;# 
   133  0211                     	;# 
   134  0212                     	;# 
   135  0212                     	;# 
   136  0213                     	;# 
   137  0213                     	;# 
   138  0214                     	;# 
   139  0214                     	;# 
   140  0215                     	;# 
   141  0215                     	;# 
   142  0215                     	;# 
   143  0216                     	;# 
   144  0216                     	;# 
   145  0217                     	;# 
   146  0217                     	;# 
   147  0219                     	;# 
   148  021A                     	;# 
   149  021B                     	;# 
   150  021C                     	;# 
   151  021D                     	;# 
   152  021E                     	;# 
   153  021F                     	;# 
   154  0291                     	;# 
   155  0291                     	;# 
   156  0292                     	;# 
   157  0293                     	;# 
   158  0294                     	;# 
   159  0295                     	;# 
   160  0295                     	;# 
   161  0296                     	;# 
   162  0298                     	;# 
   163  0298                     	;# 
   164  0299                     	;# 
   165  029A                     	;# 
   166  029B                     	;# 
   167  029C                     	;# 
   168  029C                     	;# 
   169  029D                     	;# 
   170  029E                     	;# 
   171  029E                     	;# 
   172  0311                     	;# 
   173  0311                     	;# 
   174  0312                     	;# 
   175  0313                     	;# 
   176  0318                     	;# 
   177  0318                     	;# 
   178  0319                     	;# 
   179  031A                     	;# 
   180  0394                     	;# 
   181  0395                     	;# 
   182  0396                     	;# 
   183  039A                     	;# 
   184  039C                     	;# 
   185  039D                     	;# 
   186  039E                     	;# 
   187  039F                     	;# 
   188  0415                     	;# 
   189  0416                     	;# 
   190  0417                     	;# 
   191  041C                     	;# 
   192  041D                     	;# 
   193  041E                     	;# 
   194  0FE4                     	;# 
   195  0FE5                     	;# 
   196  0FE6                     	;# 
   197  0FE7                     	;# 
   198  0FE8                     	;# 
   199  0FE9                     	;# 
   200  0FEA                     	;# 
   201  0FEB                     	;# 
   202  0FED                     	;# 
   203  0FEE                     	;# 
   204  0FEF                     	;# 
   205  0000                     	;# 
   206  0001                     	;# 
   207  0002                     	;# 
   208  0003                     	;# 
   209  0004                     	;# 
   210  0005                     	;# 
   211  0006                     	;# 
   212  0007                     	;# 
   213  0008                     	;# 
   214  0009                     	;# 
   215  000A                     	;# 
   216  000B                     	;# 
   217  000C                     	;# 
   218  000D                     	;# 
   219  0011                     	;# 
   220  0012                     	;# 
   221  0013                     	;# 
   222  0014                     	;# 
   223  0015                     	;# 
   224  0016                     	;# 
   225  0016                     	;# 
   226  0017                     	;# 
   227  0018                     	;# 
   228  0019                     	;# 
   229  001A                     	;# 
   230  001B                     	;# 
   231  001C                     	;# 
   232  001E                     	;# 
   233  001F                     	;# 
   234  008C                     	;# 
   235  008D                     	;# 
   236  0091                     	;# 
   237  0092                     	;# 
   238  0093                     	;# 
   239  0094                     	;# 
   240  0095                     	;# 
   241  0096                     	;# 
   242  0097                     	;# 
   243  0098                     	;# 
   244  0099                     	;# 
   245  009A                     	;# 
   246  009B                     	;# 
   247  009B                     	;# 
   248  009C                     	;# 
   249  009D                     	;# 
   250  009E                     	;# 
   251  010C                     	;# 
   252  010D                     	;# 
   253  0111                     	;# 
   254  0112                     	;# 
   255  0113                     	;# 
   256  0114                     	;# 
   257  0115                     	;# 
   258  0116                     	;# 
   259  0117                     	;# 
   260  0118                     	;# 
   261  0119                     	;# 
   262  011A                     	;# 
   263  011B                     	;# 
   264  011D                     	;# 
   265  011E                     	;# 
   266  018C                     	;# 
   267  018D                     	;# 
   268  0191                     	;# 
   269  0191                     	;# 
   270  0192                     	;# 
   271  0193                     	;# 
   272  0193                     	;# 
   273  0193                     	;# 
   274  0194                     	;# 
   275  0195                     	;# 
   276  0196                     	;# 
   277  0199                     	;# 
   278  019A                     	;# 
   279  019B                     	;# 
   280  019B                     	;# 
   281  019B                     	;# 
   282  019B                     	;# 
   283  019C                     	;# 
   284  019C                     	;# 
   285  019D                     	;# 
   286  019E                     	;# 
   287  019F                     	;# 
   288  020C                     	;# 
   289  020D                     	;# 
   290  0211                     	;# 
   291  0211                     	;# 
   292  0212                     	;# 
   293  0212                     	;# 
   294  0213                     	;# 
   295  0213                     	;# 
   296  0214                     	;# 
   297  0214                     	;# 
   298  0215                     	;# 
   299  0215                     	;# 
   300  0215                     	;# 
   301  0216                     	;# 
   302  0216                     	;# 
   303  0217                     	;# 
   304  0217                     	;# 
   305  0219                     	;# 
   306  021A                     	;# 
   307  021B                     	;# 
   308  021C                     	;# 
   309  021D                     	;# 
   310  021E                     	;# 
   311  021F                     	;# 
   312  0291                     	;# 
   313  0291                     	;# 
   314  0292                     	;# 
   315  0293                     	;# 
   316  0294                     	;# 
   317  0295                     	;# 
   318  0295                     	;# 
   319  0296                     	;# 
   320  0298                     	;# 
   321  0298                     	;# 
   322  0299                     	;# 
   323  029A                     	;# 
   324  029B                     	;# 
   325  029C                     	;# 
   326  029C                     	;# 
   327  029D                     	;# 
   328  029E                     	;# 
   329  029E                     	;# 
   330  0311                     	;# 
   331  0311                     	;# 
   332  0312                     	;# 
   333  0313                     	;# 
   334  0318                     	;# 
   335  0318                     	;# 
   336  0319                     	;# 
   337  031A                     	;# 
   338  0394                     	;# 
   339  0395                     	;# 
   340  0396                     	;# 
   341  039A                     	;# 
   342  039C                     	;# 
   343  039D                     	;# 
   344  039E                     	;# 
   345  039F                     	;# 
   346  0415                     	;# 
   347  0416                     	;# 
   348  0417                     	;# 
   349  041C                     	;# 
   350  041D                     	;# 
   351  041E                     	;# 
   352  0FE4                     	;# 
   353  0FE5                     	;# 
   354  0FE6                     	;# 
   355  0FE7                     	;# 
   356  0FE8                     	;# 
   357  0FE9                     	;# 
   358  0FEA                     	;# 
   359  0FEB                     	;# 
   360  0FED                     	;# 
   361  0FEE                     	;# 
   362  0FEF                     	;# 
   363  000B                     _INTCONbits	set	11
   364  0015                     _TMR0	set	21
   365  000C                     _PORTA	set	12
   366  000D                     _PORTB	set	13
   367  0095                     _OPTION_REGbits	set	149
   368  008C                     _TRISA	set	140
   369  008D                     _TRISB	set	141
   370  0099                     _OSCCONbits	set	153
   371  0868                     _LATB0	set	2152
   372  08E8                     _CCP1SEL	set	2280
   373  018D                     _ANSELB	set	397
   374                           
   375                           ; #config settings
   376  0000                     
   377                           	psect	cinit
   378  0011                     start_initialization:	
   379  0011                     __initialization:	
   380  0011                     end_of_initialization:	
   381                           ;End of C runtime variable initialization code
   382                           
   383  0011                     __end_of__initialization:	
   384  0011  107E               	bcf	int$flags,0	;clear compiler interrupt flag (level 1)
   385  0012  0020               	movlb	0
   386  0013  3180  2823         	ljmp	_main	;jump to C main() function
   387                           
   388                           	psect	cstackCOMMON
   389  0000                     __pcstackCOMMON:	
   390  0000                     ?_initOsc:	
   391  0000                     ??_initOsc:	
   392                           ; 1 bytes @ 0x0
   393                           
   394  0000                     ?_initPort:	
   395                           ; 1 bytes @ 0x0
   396                           
   397  0000                     ??_initPort:	
   398                           ; 1 bytes @ 0x0
   399                           
   400  0000                     ?_initIntrrupt:	
   401                           ; 1 bytes @ 0x0
   402                           
   403  0000                     ??_initIntrrupt:	
   404                           ; 1 bytes @ 0x0
   405                           
   406  0000                     ?_main:	
   407                           ; 1 bytes @ 0x0
   408                           
   409  0000                     ??_main:	
   410                           ; 1 bytes @ 0x0
   411                           
   412  0000                     ?_ISR:	
   413                           ; 1 bytes @ 0x0
   414                           
   415  0000                     ??_ISR:	
   416                           ; 1 bytes @ 0x0
   417                           
   418                           
   419                           	psect	maintext
   420  0023                     __pmaintext:	
   421                           ; 1 bytes @ 0x0
   422 ;;
   423 ;;Main: autosize = 0, tempsize = 0, incstack = 0, save=0
   424 ;;
   425 ;; *************** function _main *****************
   426 ;; Defined at:
   427 ;;		line 21 in file "src/main.c"
   428 ;; Parameters:    Size  Location     Type
   429 ;;		None
   430 ;; Auto vars:     Size  Location     Type
   431 ;;		None
   432 ;; Return value:  Size  Location     Type
   433 ;;                  1    wreg      void 
   434 ;; Registers used:
   435 ;;		wreg, status,2, status,0, pclath, cstack
   436 ;; Tracked objects:
   437 ;;		On entry : B1F/0
   438 ;;		On exit  : 0/0
   439 ;;		Unchanged: 0/0
   440 ;; Data sizes:     COMMON   BANK0   BANK1   BANK2   BANK3   BANK4
   441 ;;      Params:         0       0       0       0       0       0
   442 ;;      Locals:         0       0       0       0       0       0
   443 ;;      Temps:          0       0       0       0       0       0
   444 ;;      Totals:         0       0       0       0       0       0
   445 ;;Total ram usage:        0 bytes
   446 ;; Hardware stack levels required when called:    2
   447 ;; This function calls:
   448 ;;		_initIntrrupt
   449 ;;		_initOsc
   450 ;;		_initPort
   451 ;; This function is called by:
   452 ;;		Startup code after reset
   453 ;; This function uses a non-reentrant model
   454 ;;
   455                           
   456                           
   457                           ;psect for function _main
   458  0023                     _main:	
   459                           
   460                           ;src/main.c: 23: 
   461                           
   462                           ;incstack = 0
   463                           ; Regs used in _main: [wreg+status,2+status,0+pclath+cstack]
   464  0023  3180  2037  3180   	fcall	_initOsc
   465                           
   466                           ;src/main.c: 24: void initPort(void) {
   467  0026  3180  2015  3180   	fcall	_initPort
   468                           
   469                           ;src/main.c: 25: 
   470  0029  3180  202D  3180   	fcall	_initIntrrupt
   471  002C                     l33:	
   472                           ;src/main.c: 27:     PORTA = 0xFF;
   473                           
   474                           
   475                           ;src/main.c: 29: 
   476  002C  282C               	goto	l33
   477  002D                     __end_of_main:	
   478                           
   479                           	psect	text1
   480  0015                     __ptext1:	
   481 ;; *************** function _initPort *****************
   482 ;; Defined at:
   483 ;;		line 39 in file "src/main.c"
   484 ;; Parameters:    Size  Location     Type
   485 ;;		None
   486 ;; Auto vars:     Size  Location     Type
   487 ;;		None
   488 ;; Return value:  Size  Location     Type
   489 ;;                  1    wreg      void 
   490 ;; Registers used:
   491 ;;		wreg, status,2
   492 ;; Tracked objects:
   493 ;;		On entry : 0/0
   494 ;;		On exit  : 0/0
   495 ;;		Unchanged: 0/0
   496 ;; Data sizes:     COMMON   BANK0   BANK1   BANK2   BANK3   BANK4
   497 ;;      Params:         0       0       0       0       0       0
   498 ;;      Locals:         0       0       0       0       0       0
   499 ;;      Temps:          0       0       0       0       0       0
   500 ;;      Totals:         0       0       0       0       0       0
   501 ;;Total ram usage:        0 bytes
   502 ;; Hardware stack levels used:    1
   503 ;; Hardware stack levels required when called:    1
   504 ;; This function calls:
   505 ;;		Nothing
   506 ;; This function is called by:
   507 ;;		_main
   508 ;; This function uses a non-reentrant model
   509 ;;
   510                           
   511                           
   512                           ;psect for function _initPort
   513  0015                     _initPort:	
   514                           
   515                           ;src/main.c: 41: }
   516                           
   517                           ;incstack = 0
   518                           ; Regs used in _initPort: [wreg+status,2]
   519  0015  30FF               	movlw	255
   520  0016  0020               	movlb	0	; select bank0
   521  0017  008D               	movwf	13	;volatile
   522                           
   523                           ;src/main.c: 42: 
   524  0018  30FF               	movlw	255
   525  0019  008C               	movwf	12	;volatile
   526                           
   527                           ;src/main.c: 46:     OPTION_REGbits.TMR0CS = 1;
   528  001A  0021               	movlb	1	; select bank1
   529  001B  018D               	clrf	13	;volatile
   530                           
   531                           ;src/main.c: 47: 
   532  001C  3001               	movlw	1
   533  001D  008C               	movwf	12	;volatile
   534                           
   535                           ;src/main.c: 50: 
   536  001E  0023               	movlb	3	; select bank3
   537  001F  018D               	clrf	13	;volatile
   538                           
   539                           ;src/main.c: 53: 
   540  0020  0022               	movlb	2	; select bank2
   541  0021  101D               	bcf	29,0	;volatile
   542  0022  0008               	return
   543  0023                     __end_of_initPort:	
   544                           
   545                           	psect	text2
   546  0037                     __ptext2:	
   547 ;; *************** function _initOsc *****************
   548 ;; Defined at:
   549 ;;		line 33 in file "src/main.c"
   550 ;; Parameters:    Size  Location     Type
   551 ;;		None
   552 ;; Auto vars:     Size  Location     Type
   553 ;;		None
   554 ;; Return value:  Size  Location     Type
   555 ;;                  1    wreg      void 
   556 ;; Registers used:
   557 ;;		wreg, status,2, status,0
   558 ;; Tracked objects:
   559 ;;		On entry : 0/0
   560 ;;		On exit  : 0/0
   561 ;;		Unchanged: 0/0
   562 ;; Data sizes:     COMMON   BANK0   BANK1   BANK2   BANK3   BANK4
   563 ;;      Params:         0       0       0       0       0       0
   564 ;;      Locals:         0       0       0       0       0       0
   565 ;;      Temps:          0       0       0       0       0       0
   566 ;;      Totals:         0       0       0       0       0       0
   567 ;;Total ram usage:        0 bytes
   568 ;; Hardware stack levels used:    1
   569 ;; Hardware stack levels required when called:    1
   570 ;; This function calls:
   571 ;;		Nothing
   572 ;; This function is called by:
   573 ;;		_main
   574 ;; This function uses a non-reentrant model
   575 ;;
   576                           
   577                           
   578                           ;psect for function _initOsc
   579  0037                     _initOsc:	
   580                           
   581                           ;src/main.c: 35:     ANSELB = 0x00;
   582                           
   583                           ;incstack = 0
   584                           ; Regs used in _initOsc: [wreg+status,2+status,0]
   585  0037  30FC               	movlw	-4
   586  0038  0021               	movlb	1	; select bank1
   587  0039  0599               	andwf	25,f	;volatile
   588  003A  0008               	return
   589  003B                     __end_of_initOsc:	
   590                           
   591                           	psect	text3
   592  002D                     __ptext3:	
   593 ;; *************** function _initIntrrupt *****************
   594 ;; Defined at:
   595 ;;		line 58 in file "src/main.c"
   596 ;; Parameters:    Size  Location     Type
   597 ;;		None
   598 ;; Auto vars:     Size  Location     Type
   599 ;;		None
   600 ;; Return value:  Size  Location     Type
   601 ;;                  1    wreg      void 
   602 ;; Registers used:
   603 ;;		wreg
   604 ;; Tracked objects:
   605 ;;		On entry : 0/0
   606 ;;		On exit  : 0/0
   607 ;;		Unchanged: 0/0
   608 ;; Data sizes:     COMMON   BANK0   BANK1   BANK2   BANK3   BANK4
   609 ;;      Params:         0       0       0       0       0       0
   610 ;;      Locals:         0       0       0       0       0       0
   611 ;;      Temps:          0       0       0       0       0       0
   612 ;;      Totals:         0       0       0       0       0       0
   613 ;;Total ram usage:        0 bytes
   614 ;; Hardware stack levels used:    1
   615 ;; Hardware stack levels required when called:    1
   616 ;; This function calls:
   617 ;;		Nothing
   618 ;; This function is called by:
   619 ;;		_main
   620 ;; This function uses a non-reentrant model
   621 ;;
   622                           
   623                           
   624                           ;psect for function _initIntrrupt
   625  002D                     _initIntrrupt:	
   626                           
   627                           ;incstack = 0
   628                           ; Regs used in _initIntrrupt: [wreg]
   629  002D  0021               	movlb	1	; select bank1
   630  002E  1695               	bsf	21,5	;volatile
   631  002F  1615               	bsf	21,4	;volatile
   632  0030  1595               	bsf	21,3	;volatile
   633  0031  30FF               	movlw	255
   634  0032  0020               	movlb	0	; select bank0
   635  0033  0095               	movwf	21	;volatile
   636                           
   637                           ;src/main.c: 85:     INTCONbits.TMR0IE = 1;
   638  0034  168B               	bsf	11,5	;volatile
   639                           
   640                           ;src/main.c: 89:     INTCONbits.GIE = 1;
   641  0035  178B               	bsf	11,7	;volatile
   642  0036  0008               	return
   643  0037                     __end_of_initIntrrupt:	
   644                           
   645                           	psect	intentry
   646  0004                     __pintentry:	
   647 ;; *************** function _ISR *****************
   648 ;; Defined at:
   649 ;;		line 92 in file "src/main.c"
   650 ;; Parameters:    Size  Location     Type
   651 ;;		None
   652 ;; Auto vars:     Size  Location     Type
   653 ;;		None
   654 ;; Return value:  Size  Location     Type
   655 ;;                  1    wreg      void 
   656 ;; Registers used:
   657 ;;		wreg
   658 ;; Tracked objects:
   659 ;;		On entry : 0/0
   660 ;;		On exit  : 0/0
   661 ;;		Unchanged: 0/0
   662 ;; Data sizes:     COMMON   BANK0   BANK1   BANK2   BANK3   BANK4
   663 ;;      Params:         0       0       0       0       0       0
   664 ;;      Locals:         0       0       0       0       0       0
   665 ;;      Temps:          0       0       0       0       0       0
   666 ;;      Totals:         0       0       0       0       0       0
   667 ;;Total ram usage:        0 bytes
   668 ;; Hardware stack levels used:    1
   669 ;; This function calls:
   670 ;;		Nothing
   671 ;; This function is called by:
   672 ;;		Interrupt level 1
   673 ;; This function uses a non-reentrant model
   674 ;;
   675                           
   676  0004                     _ISR:	
   677                           
   678                           ;incstack = 0
   679  0004  147E               	bsf	126,0	;set compiler interrupt flag (level 1)
   680                           
   681                           ; Regs used in _ISR: [wreg]
   682  0005  3180               	pagesel	$
   683                           
   684                           ;src/main.c: 94:     LATB0 ^= 1;
   685  0006  0022               	movlb	2	; select bank2
   686  0007  3001               	movlw	1
   687  0008  068D               	xorwf	13,f
   688                           
   689                           ;src/main.c: 95:     INTCONbits.TMR0IF = 0;
   690  0009  110B               	bcf	11,2	;volatile
   691                           
   692                           ;src/main.c: 96:     TMR0 = 0xFF;
   693  000A  30FF               	movlw	255
   694  000B  0020               	movlb	0	; select bank0
   695  000C  0095               	movwf	21	;volatile
   696  000D  107E               	bcf	126,0	;clear compiler interrupt flag (level 1)
   697  000E  0009               	retfie
   698  000F                     __end_of_ISR:	
   699  007E                     btemp	set	126	;btemp
   700  007E                     int$flags	set	126
   701  007E                     wtemp0	set	126


Data Sizes:
    Strings     0
    Constant    0
    Data        0
    BSS         0
    Persistent  32
    Stack       0

Auto Spaces:
    Space          Size  Autos    Used
    COMMON           14      0       0
    BANK0            80      0       0
    BANK1            80      0       0
    BANK2            80      0       0
    BANK3            80      0       0
    BANK4            48      0       0

Pointer List with Targets:

    None.

Critical Paths under _main in COMMON

    None.

Critical Paths under _ISR in COMMON

    None.

Critical Paths under _main in BANK0

    None.

Critical Paths under _ISR in BANK0

    None.

Critical Paths under _main in BANK1

    None.

Critical Paths under _ISR in BANK1

    None.

Critical Paths under _main in BANK2

    None.

Critical Paths under _ISR in BANK2

    None.

Critical Paths under _main in BANK3

    None.

Critical Paths under _ISR in BANK3

    None.

Critical Paths under _main in BANK4

    None.

Critical Paths under _ISR in BANK4

    None.

Call Graph Tables:

 ---------------------------------------------------------------------------------
 (Depth) Function   	        Calls       Base Space   Used Autos Params    Refs
 ---------------------------------------------------------------------------------
 (0) _main                                                 0     0      0       0
                       _initIntrrupt
                            _initOsc
                           _initPort
 ---------------------------------------------------------------------------------
 (1) _initPort                                             0     0      0       0
 ---------------------------------------------------------------------------------
 (1) _initOsc                                              0     0      0       0
 ---------------------------------------------------------------------------------
 (1) _initIntrrupt                                         0     0      0       0
 ---------------------------------------------------------------------------------
 Estimated maximum stack depth 1
 ---------------------------------------------------------------------------------
 (Depth) Function   	        Calls       Base Space   Used Autos Params    Refs
 ---------------------------------------------------------------------------------
 (2) _ISR                                                  0     0      0       0
 ---------------------------------------------------------------------------------
 Estimated maximum stack depth 2
 ---------------------------------------------------------------------------------

 Call Graph Graphs:

 _main (ROOT)
   _initIntrrupt
   _initOsc
   _initPort

 _ISR (ROOT)

 Address spaces:
Name               Size   Autos  Total    Cost      Usage
BIGRAM             170      0       0       0        0.0%
EEDATA             100      0       0       0        0.0%
NULL                 0      0       0       0        0.0%
CODE                 0      0       0       0        0.0%
BITCOMMON            E      0       0       1        0.0%
BITSFR0              0      0       0       1        0.0%
SFR0                 0      0       0       1        0.0%
COMMON               E      0       0       2        0.0%
BITSFR1              0      0       0       2        0.0%
SFR1                 0      0       0       2        0.0%
BITSFR2              0      0       0       3        0.0%
SFR2                 0      0       0       3        0.0%
STACK                0      0       0       3        0.0%
BITSFR3              0      0       0       4        0.0%
SFR3                 0      0       0       4        0.0%
ABS                  0      0       0       4        0.0%
BITBANK0            50      0       0       5        0.0%
BITSFR4              0      0       0       5        0.0%
SFR4                 0      0       0       5        0.0%
BANK0               50      0       0       6        0.0%
BITSFR5              0      0       0       6        0.0%
SFR5                 0      0       0       6        0.0%
BITBANK1            50      0       0       7        0.0%
BITSFR6              0      0       0       7        0.0%
SFR6                 0      0       0       7        0.0%
BANK1               50      0       0       8        0.0%
BITSFR7              0      0       0       8        0.0%
SFR7                 0      0       0       8        0.0%
BITBANK2            50      0       0       9        0.0%
BITSFR8              0      0       0       9        0.0%
SFR8                 0      0       0       9        0.0%
BANK2               50      0       0      10        0.0%
BITSFR9              0      0       0      10        0.0%
SFR9                 0      0       0      10        0.0%
BITBANK3            50      0       0      11        0.0%
BITSFR10             0      0       0      11        0.0%
SFR10                0      0       0      11        0.0%
BANK3               50      0       0      12        0.0%
BITSFR11             0      0       0      12        0.0%
SFR11                0      0       0      12        0.0%
BITBANK4            30      0       0      13        0.0%
BITSFR12             0      0       0      13        0.0%
SFR12                0      0       0      13        0.0%
BANK4               30      0       0      14        0.0%
BITSFR13             0      0       0      14        0.0%
SFR13                0      0       0      14        0.0%
BITSFR14             0      0       0      15        0.0%
SFR14                0      0       0      15        0.0%
DATA                 0      0       0      15        0.0%
BITSFR15             0      0       0      16        0.0%
SFR15                0      0       0      16        0.0%
BITSFR16             0      0       0      17        0.0%
SFR16                0      0       0      17        0.0%
BITSFR17             0      0       0      18        0.0%
SFR17                0      0       0      18        0.0%
BITSFR18             0      0       0      19        0.0%
SFR18                0      0       0      19        0.0%
BITSFR19             0      0       0      20        0.0%
SFR19                0      0       0      20        0.0%
BITSFR20             0      0       0      21        0.0%
SFR20                0      0       0      21        0.0%
BITSFR21             0      0       0      22        0.0%
SFR21                0      0       0      22        0.0%
BITSFR22             0      0       0      23        0.0%
SFR22                0      0       0      23        0.0%
BITSFR23             0      0       0      24        0.0%
SFR23                0      0       0      24        0.0%
BITSFR24             0      0       0      25        0.0%
SFR24                0      0       0      25        0.0%
BITSFR25             0      0       0      26        0.0%
SFR25                0      0       0      26        0.0%
BITSFR26             0      0       0      27        0.0%
SFR26                0      0       0      27        0.0%
BITSFR27             0      0       0      28        0.0%
SFR27                0      0       0      28        0.0%
BITSFR28             0      0       0      29        0.0%
SFR28                0      0       0      29        0.0%
BITSFR29             0      0       0      30        0.0%
SFR29                0      0       0      30        0.0%
BITSFR30             0      0       0      31        0.0%
SFR30                0      0       0      31        0.0%
BITSFR31             0      0       0      32        0.0%
SFR31                0      0       0      32        0.0%


Microchip Technology PIC Macro Assembler V2.05 build -831301201 
Symbol Table                                                                                   Tue Jun 23 17:17:34 2020

            __CFG_CP$OFF 0000                       l33 002C             __CFG_CPD$OFF 0000  
                    _ISR 0004             __CFG_LVP$OFF 0000                     ?_ISR 0000  
                   _TMR0 0015                     _main 0023                     btemp 007E  
          __CFG_BOREN$ON 0000                     start 000F            __CFG_MCLRE$ON 0000  
                  ??_ISR 0000                    ?_main 0000            __CFG_WDTE$OFF 0000  
                  _LATB0 0868                    _PORTA 000C                    _PORTB 000D  
                  _TRISA 008C                    _TRISB 008D            __CFG_PWRTE$ON 0000  
        __end_of_initOsc 003B                    wtemp0 007E          __initialization 0011  
           __end_of_main 002D            ?_initIntrrupt 0000                   ??_main 0000  
                 _ANSELB 018D         __end_of_initPort 0023           ??_initIntrrupt 0000  
              ??_initOsc 0000  __end_of__initialization 0011           __pcstackCOMMON 0000  
         _OPTION_REGbits 0095               __pmaintext 0023               __pintentry 0004  
                _CCP1SEL 08E8                ?_initPort 0000     __end_of_initIntrrupt 0037  
                __ptext1 0015                  __ptext2 0037                  __ptext3 002D  
           __size_of_ISR 000B                  _initOsc 0037     end_of_initialization 0011  
             ??_initPort 0000         __CFG_FOSC$INTOSC 0000      start_initialization 0011  
            __end_of_ISR 000F    __size_of_initIntrrupt 000A             _initIntrrupt 002D  
              ___latbits 0001        __size_of_initPort 000E                 ?_initOsc 0000  
       __size_of_initOsc 0004                 _initPort 0015            __size_of_main 000A  
               int$flags 007E               _INTCONbits 000B                 intlevel1 0000  
             _OSCCONbits 0099  
